{"contracts/EthPoolTVL.sol":{"l":{"32":20,"33":20,"34":20,"35":20,"36":20,"37":20,"43":1,"54":1,"55":1,"56":1,"57":1,"70":0,"71":0,"72":0,"74":0,"88":0,"90":0,"91":0,"102":0,"103":0,"104":0,"105":0,"107":0},"path":"/Users/andreasbigger/Projects/erc1155/contracts/EthPoolTVL.sol","s":{"1":20,"2":20,"3":20,"4":20,"5":20,"6":20,"7":1,"8":1,"9":1,"10":1,"11":1,"12":0,"13":0,"14":0,"15":0,"16":0,"17":0,"18":0,"19":0,"20":0,"21":0,"22":0,"23":0,"24":0},"b":{"1":[1,0],"2":[0,0]},"f":{"1":20,"2":1,"3":1,"4":0,"5":0,"6":0},"fnMap":{"1":{"name":"initialize","line":31,"loc":{"start":{"line":27,"column":4},"end":{"line":38,"column":4}}},"2":{"name":"get_pool_address","line":42,"loc":{"start":{"line":42,"column":4},"end":{"line":44,"column":4}}},"3":{"name":"set_pool_address","line":51,"loc":{"start":{"line":49,"column":4},"end":{"line":58,"column":4}}},"4":{"name":"get_pool_share","line":67,"loc":{"start":{"line":64,"column":4},"end":{"line":75,"column":4}}},"5":{"name":"_percent","line":82,"loc":{"start":{"line":82,"column":4},"end":{"line":92,"column":4}}},"6":{"name":"_balanceOf","line":98,"loc":{"start":{"line":98,"column":4},"end":{"line":108,"column":4}}}},"statementMap":{"1":{"start":{"line":32,"column":8},"end":{"line":32,"column":34}},"2":{"start":{"line":33,"column":8},"end":{"line":33,"column":56}},"3":{"start":{"line":34,"column":8},"end":{"line":34,"column":47}},"4":{"start":{"line":35,"column":8},"end":{"line":35,"column":27}},"5":{"start":{"line":36,"column":8},"end":{"line":36,"column":23}},"6":{"start":{"line":37,"column":8},"end":{"line":37,"column":32}},"7":{"start":{"line":43,"column":8},"end":{"line":43,"column":26}},"8":{"start":{"line":54,"column":8},"end":{"line":54,"column":70}},"9":{"start":{"line":55,"column":8},"end":{"line":55,"column":34}},"10":{"start":{"line":56,"column":8},"end":{"line":56,"column":56}},"11":{"start":{"line":57,"column":8},"end":{"line":57,"column":28}},"12":{"start":{"line":70,"column":8},"end":{"line":70,"column":63}},"13":{"start":{"line":71,"column":8},"end":{"line":71,"column":62}},"14":{"start":{"line":72,"column":8},"end":{"line":72,"column":65}},"15":{"start":{"line":74,"column":8},"end":{"line":74,"column":55}},"16":{"start":{"line":88,"column":8},"end":{"line":88,"column":73}},"17":{"start":{"line":90,"column":8},"end":{"line":90,"column":77}},"18":{"start":{"line":91,"column":8},"end":{"line":91,"column":26}},"19":{"start":{"line":102,"column":8},"end":{"line":102,"column":58}},"20":{"start":{"line":103,"column":8},"end":{"line":103,"column":41}},"21":{"start":{"line":103,"column":33},"end":{"line":103,"column":41}},"22":{"start":{"line":104,"column":8},"end":{"line":104,"column":60}},"23":{"start":{"line":105,"column":8},"end":{"line":105,"column":3863}},"24":{"start":{"line":107,"column":8},"end":{"line":107,"column":32}}},"branchMap":{"1":{"line":54,"type":"if","locations":[{"start":{"line":54,"column":8},"end":{"line":54,"column":8}},{"start":{"line":54,"column":8},"end":{"line":54,"column":8}}]},"2":{"line":103,"type":"if","locations":[{"start":{"line":103,"column":8},"end":{"line":103,"column":8}},{"start":{"line":103,"column":8},"end":{"line":103,"column":8}}]}}},"contracts/interfaces/IRariFundManager.sol":{"l":{},"path":"/Users/andreasbigger/Projects/erc1155/contracts/interfaces/IRariFundManager.sol","s":{},"b":{},"f":{"1":0,"2":0},"fnMap":{"1":{"name":"getFundBalance","line":15,"loc":{"start":{"line":15,"column":4},"end":{"line":15,"column":56}}},"2":{"name":"balanceOf","line":22,"loc":{"start":{"line":22,"column":4},"end":{"line":22,"column":68}}}},"statementMap":{},"branchMap":{}},"contracts/interfaces/IRariFundToken.sol":{"l":{},"path":"/Users/andreasbigger/Projects/erc1155/contracts/interfaces/IRariFundToken.sol","s":{},"b":{},"f":{"1":0,"2":0},"fnMap":{"1":{"name":"totalSupply","line":15,"loc":{"start":{"line":15,"column":4},"end":{"line":15,"column":53}}},"2":{"name":"balanceOf","line":17,"loc":{"start":{"line":17,"column":4},"end":{"line":17,"column":67}}}},"statementMap":{},"branchMap":{}},"contracts/Migrations.sol":{"l":{"12":0,"16":0,"20":0,"24":0,"25":0},"path":"/Users/andreasbigger/Projects/erc1155/contracts/Migrations.sol","s":{"1":0,"2":0,"3":0,"4":0,"5":0},"b":{"1":[0,0]},"f":{"1":0,"2":0,"3":0,"4":0},"fnMap":{"1":{"name":"restricted","line":11,"loc":{"start":{"line":11,"column":4},"end":{"line":13,"column":4}}},"2":{"name":"constructor","line":15,"loc":{"start":{"line":15,"column":4},"end":{"line":17,"column":4}}},"3":{"name":"setCompleted","line":19,"loc":{"start":{"line":19,"column":4},"end":{"line":21,"column":4}}},"4":{"name":"upgrade","line":23,"loc":{"start":{"line":23,"column":4},"end":{"line":26,"column":4}}}},"statementMap":{"1":{"start":{"line":12,"column":8},"end":{"line":12,"column":34}},"2":{"start":{"line":16,"column":8},"end":{"line":16,"column":25}},"3":{"start":{"line":20,"column":8},"end":{"line":20,"column":43}},"4":{"start":{"line":24,"column":8},"end":{"line":24,"column":53}},"5":{"start":{"line":25,"column":8},"end":{"line":25,"column":54}}},"branchMap":{"1":{"line":12,"type":"if","locations":[{"start":{"line":12,"column":8},"end":{"line":12,"column":8}},{"start":{"line":12,"column":8},"end":{"line":12,"column":8}}]}}},"contracts/TVL.sol":{"l":{"29":43,"30":43,"34":5,"35":5,"37":5,"41":18,"42":9,"99":0,"100":0,"101":0,"102":0,"115":14,"116":14,"133":15,"136":15,"139":15,"141":15,"142":0,"144":0,"145":0,"151":15,"176":11,"179":11,"181":11,"184":11,"187":11,"188":13,"192":11,"193":11,"205":3,"218":1,"219":1,"220":1,"234":1,"235":1,"248":2,"249":2,"250":2,"265":1,"266":1,"267":1,"268":1,"270":1,"285":2,"286":2,"308":1,"309":1,"310":1,"312":1,"315":1,"316":1,"319":1,"333":1,"334":1,"335":1,"339":1,"342":1,"345":1,"346":1,"359":1,"362":1,"365":1,"368":1,"369":1,"371":1,"373":1,"374":0,"375":0,"376":0,"378":0,"379":0,"382":0,"388":1,"397":1,"400":1,"408":1,"423":3,"434":2},"path":"/Users/andreasbigger/Projects/erc1155/contracts/TVL.sol","s":{"1":43,"2":5,"3":5,"4":18,"5":0,"6":0,"7":0,"8":0,"9":14,"10":14,"11":15,"12":15,"13":15,"14":15,"15":0,"16":0,"17":0,"18":15,"19":11,"20":11,"21":11,"22":11,"23":11,"24":13,"25":11,"26":11,"27":3,"28":1,"29":1,"30":1,"31":1,"32":1,"33":2,"34":2,"35":2,"36":1,"37":1,"38":1,"39":1,"40":1,"41":2,"42":2,"43":1,"44":1,"45":1,"46":1,"47":1,"48":0,"49":1,"50":1,"51":1,"52":1,"53":1,"54":1,"55":1,"56":1,"57":1,"58":1,"59":1,"60":1,"61":1,"62":1,"63":1,"64":0,"65":0,"66":0,"67":0,"68":0,"69":1,"70":1,"71":1,"72":1,"73":3,"74":2},"b":{"1":[43,0],"2":[5,0],"3":[9,9],"4":[0,0],"5":[11,0],"6":[1,0],"7":[0,1],"8":[0,0]},"f":{"1":43,"2":5,"3":18,"4":0,"5":14,"6":15,"7":11,"8":3,"9":1,"10":1,"11":2,"12":1,"13":2,"14":1,"15":1,"16":1,"17":1,"18":3,"19":2},"fnMap":{"1":{"name":"aboveZero","line":28,"loc":{"start":{"line":28,"column":4},"end":{"line":31,"column":4}}},"2":{"name":"aboveZeroArray","line":33,"loc":{"start":{"line":33,"column":4},"end":{"line":38,"column":4}}},"3":{"name":"trancheExists","line":40,"loc":{"start":{"line":40,"column":4},"end":{"line":43,"column":4}}},"4":{"name":"initialize","line":98,"loc":{"start":{"line":94,"column":4},"end":{"line":103,"column":4}}},"5":{"name":"mint_item","line":114,"loc":{"start":{"line":110,"column":4},"end":{"line":117,"column":4}}},"6":{"name":"_beforeTokenTransfer","line":124,"loc":{"start":{"line":124,"column":4},"end":{"line":152,"column":4}}},"7":{"name":"create_tranche","line":175,"loc":{"start":{"line":170,"column":4},"end":{"line":194,"column":4}}},"8":{"name":"get_tranche_exists","line":202,"loc":{"start":{"line":199,"column":4},"end":{"line":206,"column":4}}},"9":{"name":"get_tranche_uri","line":215,"loc":{"start":{"line":211,"column":4},"end":{"line":221,"column":4}}},"10":{"name":"set_tranche_uri","line":231,"loc":{"start":{"line":227,"column":4},"end":{"line":236,"column":4}}},"11":{"name":"get_tranche_enabled","line":245,"loc":{"start":{"line":241,"column":4},"end":{"line":251,"column":4}}},"12":{"name":"set_tranche_enabled","line":261,"loc":{"start":{"line":257,"column":4},"end":{"line":271,"column":4}}},"13":{"name":"get_tranche_id_amounts","line":282,"loc":{"start":{"line":277,"column":4},"end":{"line":287,"column":4}}},"14":{"name":"set_tranche_id_amounts","line":304,"loc":{"start":{"line":294,"column":4},"end":{"line":320,"column":4}}},"15":{"name":"delete_tranche","line":329,"loc":{"start":{"line":325,"column":4},"end":{"line":347,"column":4}}},"16":{"name":"redeem","line":356,"loc":{"start":{"line":353,"column":4},"end":{"line":401,"column":4}}},"17":{"name":"set_approval","line":406,"loc":{"start":{"line":406,"column":4},"end":{"line":409,"column":4}}},"18":{"name":"pause","line":422,"loc":{"start":{"line":422,"column":4},"end":{"line":424,"column":4}}},"19":{"name":"unpause","line":433,"loc":{"start":{"line":433,"column":4},"end":{"line":435,"column":4}}}},"statementMap":{"1":{"start":{"line":29,"column":8},"end":{"line":29,"column":58}},"2":{"start":{"line":34,"column":8},"end":{"line":34,"column":1395}},"3":{"start":{"line":35,"column":12},"end":{"line":35,"column":65}},"4":{"start":{"line":41,"column":8},"end":{"line":41,"column":69}},"5":{"start":{"line":99,"column":8},"end":{"line":99,"column":34}},"6":{"start":{"line":100,"column":8},"end":{"line":100,"column":27}},"7":{"start":{"line":101,"column":8},"end":{"line":101,"column":23}},"8":{"start":{"line":102,"column":8},"end":{"line":102,"column":32}},"9":{"start":{"line":115,"column":8},"end":{"line":115,"column":49}},"10":{"start":{"line":116,"column":8},"end":{"line":116,"column":18}},"11":{"start":{"line":133,"column":8},"end":{"line":133,"column":53}},"12":{"start":{"line":136,"column":8},"end":{"line":136,"column":61}},"13":{"start":{"line":139,"column":8},"end":{"line":139,"column":52}},"14":{"start":{"line":141,"column":8},"end":{"line":141,"column":4692}},"15":{"start":{"line":142,"column":12},"end":{"line":142,"column":77}},"16":{"start":{"line":144,"column":12},"end":{"line":144,"column":66}},"17":{"start":{"line":145,"column":12},"end":{"line":145,"column":4975}},"18":{"start":{"line":151,"column":8},"end":{"line":151,"column":73}},"19":{"start":{"line":176,"column":8},"end":{"line":176,"column":74}},"20":{"start":{"line":179,"column":8},"end":{"line":179,"column":6225}},"21":{"start":{"line":181,"column":8},"end":{"line":181,"column":40}},"22":{"start":{"line":184,"column":8},"end":{"line":184,"column":36}},"23":{"start":{"line":187,"column":8},"end":{"line":187,"column":6461}},"24":{"start":{"line":188,"column":12},"end":{"line":188,"column":50}},"25":{"start":{"line":192,"column":8},"end":{"line":192,"column":77}},"26":{"start":{"line":193,"column":8},"end":{"line":193,"column":21}},"27":{"start":{"line":205,"column":8},"end":{"line":205,"column":37}},"28":{"start":{"line":218,"column":8},"end":{"line":218,"column":57}},"29":{"start":{"line":219,"column":8},"end":{"line":219,"column":51}},"30":{"start":{"line":220,"column":8},"end":{"line":220,"column":25}},"31":{"start":{"line":234,"column":8},"end":{"line":234,"column":37}},"32":{"start":{"line":235,"column":8},"end":{"line":235,"column":21}},"33":{"start":{"line":248,"column":8},"end":{"line":248,"column":57}},"34":{"start":{"line":249,"column":8},"end":{"line":249,"column":51}},"35":{"start":{"line":250,"column":8},"end":{"line":250,"column":30}},"36":{"start":{"line":265,"column":8},"end":{"line":265,"column":60}},"37":{"start":{"line":266,"column":8},"end":{"line":266,"column":41}},"38":{"start":{"line":267,"column":8},"end":{"line":267,"column":44}},"39":{"start":{"line":268,"column":8},"end":{"line":268,"column":77}},"40":{"start":{"line":270,"column":8},"end":{"line":270,"column":21}},"41":{"start":{"line":285,"column":8},"end":{"line":285,"column":61}},"42":{"start":{"line":286,"column":8},"end":{"line":286,"column":26}},"43":{"start":{"line":308,"column":8},"end":{"line":308,"column":30}},"44":{"start":{"line":309,"column":8},"end":{"line":309,"column":10047}},"45":{"start":{"line":310,"column":12},"end":{"line":310,"column":67}},"46":{"start":{"line":310,"column":51},"end":{"line":310,"column":66}},"47":{"start":{"line":312,"column":8},"end":{"line":312,"column":57}},"48":{"start":{"line":312,"column":24},"end":{"line":312,"column":56}},"49":{"start":{"line":315,"column":8},"end":{"line":315,"column":48}},"50":{"start":{"line":316,"column":8},"end":{"line":316,"column":68}},"51":{"start":{"line":319,"column":8},"end":{"line":319,"column":21}},"52":{"start":{"line":333,"column":8},"end":{"line":333,"column":10848}},"53":{"start":{"line":334,"column":12},"end":{"line":334,"column":56}},"54":{"start":{"line":342,"column":8},"end":{"line":342,"column":37}},"55":{"start":{"line":345,"column":8},"end":{"line":345,"column":47}},"56":{"start":{"line":346,"column":8},"end":{"line":346,"column":21}},"57":{"start":{"line":359,"column":8},"end":{"line":359,"column":30}},"58":{"start":{"line":362,"column":8},"end":{"line":362,"column":59}},"59":{"start":{"line":365,"column":8},"end":{"line":365,"column":63}},"60":{"start":{"line":368,"column":8},"end":{"line":368,"column":34}},"61":{"start":{"line":369,"column":8},"end":{"line":369,"column":38}},"62":{"start":{"line":371,"column":8},"end":{"line":371,"column":27}},"63":{"start":{"line":373,"column":8},"end":{"line":373,"column":12095}},"64":{"start":{"line":374,"column":12},"end":{"line":374,"column":41}},"65":{"start":{"line":375,"column":12},"end":{"line":375,"column":12202}},"66":{"start":{"line":376,"column":16},"end":{"line":376,"column":12266}},"67":{"start":{"line":378,"column":20},"end":{"line":378,"column":47}},"68":{"start":{"line":379,"column":20},"end":{"line":379,"column":12456}},"69":{"start":{"line":388,"column":8},"end":{"line":388,"column":12666}},"70":{"start":{"line":397,"column":8},"end":{"line":397,"column":46}},"71":{"start":{"line":400,"column":8},"end":{"line":400,"column":25}},"72":{"start":{"line":408,"column":8},"end":{"line":408,"column":42}},"73":{"start":{"line":423,"column":8},"end":{"line":423,"column":15}},"74":{"start":{"line":434,"column":8},"end":{"line":434,"column":17}}},"branchMap":{"1":{"line":29,"type":"if","locations":[{"start":{"line":29,"column":8},"end":{"line":29,"column":8}},{"start":{"line":29,"column":8},"end":{"line":29,"column":8}}]},"2":{"line":35,"type":"if","locations":[{"start":{"line":35,"column":12},"end":{"line":35,"column":12}},{"start":{"line":35,"column":12},"end":{"line":35,"column":12}}]},"3":{"line":41,"type":"if","locations":[{"start":{"line":41,"column":8},"end":{"line":41,"column":8}},{"start":{"line":41,"column":8},"end":{"line":41,"column":8}}]},"4":{"line":145,"type":"if","locations":[{"start":{"line":145,"column":12},"end":{"line":145,"column":12}},{"start":{"line":145,"column":12},"end":{"line":145,"column":12}}]},"5":{"line":176,"type":"if","locations":[{"start":{"line":176,"column":8},"end":{"line":176,"column":8}},{"start":{"line":176,"column":8},"end":{"line":176,"column":8}}]},"6":{"line":310,"type":"if","locations":[{"start":{"line":310,"column":12},"end":{"line":310,"column":12}},{"start":{"line":310,"column":12},"end":{"line":310,"column":12}}]},"7":{"line":312,"type":"if","locations":[{"start":{"line":312,"column":8},"end":{"line":312,"column":8}},{"start":{"line":312,"column":8},"end":{"line":312,"column":8}}]},"8":{"line":376,"type":"if","locations":[{"start":{"line":376,"column":16},"end":{"line":376,"column":16}},{"start":{"line":376,"column":16},"end":{"line":376,"column":16}}]}}},"contracts/TVLComptroller.sol":{"l":{"24":0,"37":0,"45":0,"46":0,"47":0,"48":0,"49":0,"51":0,"52":0,"53":0,"54":0},"path":"/Users/andreasbigger/Projects/erc1155/contracts/TVLComptroller.sol","s":{"1":0,"2":0,"3":0,"4":0,"5":0,"6":0,"7":0,"8":0,"9":0,"10":0,"11":0},"b":{"1":[0,0],"2":[0,0],"3":[0,0],"4":[0,0]},"f":{"1":0,"2":0,"3":0},"fnMap":{"1":{"name":"initialize","line":23,"loc":{"start":{"line":23,"column":4},"end":{"line":25,"column":4}}},"2":{"name":"setTVLAddress","line":36,"loc":{"start":{"line":36,"column":4},"end":{"line":38,"column":4}}},"3":{"name":"withdrawAssets","line":44,"loc":{"start":{"line":44,"column":4},"end":{"line":56,"column":4}}}},"statementMap":{"1":{"start":{"line":24,"column":8},"end":{"line":24,"column":33}},"2":{"start":{"line":37,"column":8},"end":{"line":37,"column":33}},"3":{"start":{"line":45,"column":8},"end":{"line":45,"column":1588}},"4":{"start":{"line":46,"column":12},"end":{"line":46,"column":51}},"5":{"start":{"line":47,"column":12},"end":{"line":47,"column":68}},"6":{"start":{"line":48,"column":12},"end":{"line":48,"column":63}},"7":{"start":{"line":49,"column":12},"end":{"line":49,"column":76}},"8":{"start":{"line":51,"column":12},"end":{"line":51,"column":70}},"9":{"start":{"line":52,"column":12},"end":{"line":52,"column":60}},"10":{"start":{"line":53,"column":12},"end":{"line":53,"column":74}},"11":{"start":{"line":54,"column":12},"end":{"line":54,"column":47}}},"branchMap":{"1":{"line":45,"type":"if","locations":[{"start":{"line":45,"column":8},"end":{"line":45,"column":8}},{"start":{"line":45,"column":8},"end":{"line":45,"column":8}}]},"2":{"line":47,"type":"if","locations":[{"start":{"line":47,"column":12},"end":{"line":47,"column":12}},{"start":{"line":47,"column":12},"end":{"line":47,"column":12}}]},"3":{"line":49,"type":"if","locations":[{"start":{"line":49,"column":12},"end":{"line":49,"column":12}},{"start":{"line":49,"column":12},"end":{"line":49,"column":12}}]},"4":{"line":53,"type":"if","locations":[{"start":{"line":53,"column":12},"end":{"line":53,"column":12}},{"start":{"line":53,"column":12},"end":{"line":53,"column":12}}]}}}}