{"contracts/Migrations.sol":{"l":{"12":0,"16":0,"20":0,"24":0,"25":0},"path":"/Users/andreasbigger/Projects/erc1155/contracts/Migrations.sol","s":{"1":0,"2":0,"3":0,"4":0,"5":0},"b":{"1":[0,0]},"f":{"1":0,"2":0,"3":0,"4":0},"fnMap":{"1":{"name":"restricted","line":11,"loc":{"start":{"line":11,"column":4},"end":{"line":13,"column":4}}},"2":{"name":"constructor","line":15,"loc":{"start":{"line":15,"column":4},"end":{"line":17,"column":4}}},"3":{"name":"setCompleted","line":19,"loc":{"start":{"line":19,"column":4},"end":{"line":21,"column":4}}},"4":{"name":"upgrade","line":23,"loc":{"start":{"line":23,"column":4},"end":{"line":26,"column":4}}}},"statementMap":{"1":{"start":{"line":12,"column":8},"end":{"line":12,"column":34}},"2":{"start":{"line":16,"column":8},"end":{"line":16,"column":25}},"3":{"start":{"line":20,"column":8},"end":{"line":20,"column":43}},"4":{"start":{"line":24,"column":8},"end":{"line":24,"column":53}},"5":{"start":{"line":25,"column":8},"end":{"line":25,"column":54}}},"branchMap":{"1":{"line":12,"type":"if","locations":[{"start":{"line":12,"column":8},"end":{"line":12,"column":8}},{"start":{"line":12,"column":8},"end":{"line":12,"column":8}}]}}},"contracts/TVL.sol":{"l":{"38":0,"39":0},"path":"/Users/andreasbigger/Projects/erc1155/contracts/TVL.sol","s":{"1":0,"2":0},"b":{},"f":{"1":1,"2":0},"fnMap":{"1":{"name":"constructor","line":24,"loc":{"start":{"line":24,"column":4},"end":{"line":26,"column":4}}},"2":{"name":"mint_item","line":37,"loc":{"start":{"line":33,"column":4},"end":{"line":40,"column":4}}}},"statementMap":{"1":{"start":{"line":38,"column":8},"end":{"line":38,"column":42}},"2":{"start":{"line":39,"column":8},"end":{"line":39,"column":17}}},"branchMap":{}},"contracts/TVLComptroller.sol":{"l":{"24":0,"37":0,"45":0,"46":0,"47":0,"48":0,"49":0,"51":0,"52":0,"53":0,"54":0},"path":"/Users/andreasbigger/Projects/erc1155/contracts/TVLComptroller.sol","s":{"1":0,"2":0,"3":0,"4":0,"5":0,"6":0,"7":0,"8":0,"9":0,"10":0,"11":0},"b":{"1":[0,0],"2":[0,0],"3":[0,0],"4":[0,0]},"f":{"1":0,"2":0,"3":0},"fnMap":{"1":{"name":"initialize","line":23,"loc":{"start":{"line":23,"column":4},"end":{"line":25,"column":4}}},"2":{"name":"setTVLAddress","line":36,"loc":{"start":{"line":36,"column":4},"end":{"line":38,"column":4}}},"3":{"name":"withdrawAssets","line":44,"loc":{"start":{"line":44,"column":4},"end":{"line":56,"column":4}}}},"statementMap":{"1":{"start":{"line":24,"column":8},"end":{"line":24,"column":33}},"2":{"start":{"line":37,"column":8},"end":{"line":37,"column":33}},"3":{"start":{"line":45,"column":8},"end":{"line":45,"column":1588}},"4":{"start":{"line":46,"column":12},"end":{"line":46,"column":51}},"5":{"start":{"line":47,"column":12},"end":{"line":47,"column":69}},"6":{"start":{"line":48,"column":12},"end":{"line":48,"column":63}},"7":{"start":{"line":49,"column":12},"end":{"line":49,"column":76}},"8":{"start":{"line":51,"column":12},"end":{"line":51,"column":70}},"9":{"start":{"line":52,"column":12},"end":{"line":52,"column":60}},"10":{"start":{"line":53,"column":12},"end":{"line":53,"column":75}},"11":{"start":{"line":54,"column":12},"end":{"line":54,"column":47}}},"branchMap":{"1":{"line":45,"type":"if","locations":[{"start":{"line":45,"column":8},"end":{"line":45,"column":8}},{"start":{"line":45,"column":8},"end":{"line":45,"column":8}}]},"2":{"line":47,"type":"if","locations":[{"start":{"line":47,"column":12},"end":{"line":47,"column":12}},{"start":{"line":47,"column":12},"end":{"line":47,"column":12}}]},"3":{"line":49,"type":"if","locations":[{"start":{"line":49,"column":12},"end":{"line":49,"column":12}},{"start":{"line":49,"column":12},"end":{"line":49,"column":12}}]},"4":{"line":53,"type":"if","locations":[{"start":{"line":53,"column":12},"end":{"line":53,"column":12}},{"start":{"line":53,"column":12},"end":{"line":53,"column":12}}]}}}}